"../../../Engine/Content/Maps/Templates/Thumbnails/Default.uasset" 0
"../../../Engine/Content/Maps/Templates/Thumbnails/VR-Basic.uasset" 1
"../../../Engine/Content/MapTemplates/Sky/DaylightAmbientCubemap.uasset" 2
"../../../Engine/Content/MobileResources/T_MobileControls_texture.uasset" 3
"../../../Engine/Content/MobileResources/T_MobileMenu2.uasset" 4
"../../../Engine/Content/MobileResources/HUD/AnalogHat.uasset" 5
"../../../Engine/Content/MobileResources/HUD/VirtualJoystick_Background.uasset" 6
"../../../Engine/Content/MobileResources/HUD/VirtualJoystick_Thumb.uasset" 7
"../../../Engine/Content/MobileResources/HUD/DefaultVirtualJoysticks.uasset" 8
"../../../Engine/Content/MobileResources/HUD/LeftVirtualJoystickOnly.uasset" 9
"../../../Engine/Content/MobileResources/HUD/MobileHUDButton1_off.uasset" 10
"../../../Engine/Content/MobileResources/HUD/MobileHUDButton1_on.uasset" 11
"../../../Engine/Content/MobileResources/HUD/MobileHUDButton2_off.uasset" 12
"../../../Engine/Content/MobileResources/HUD/MobileHUDButton2_on.uasset" 13
"../../../Engine/Content/MobileResources/HUD/MobileHUDButton3.uasset" 14
"../../../Engine/Content/MobileResources/HUD/MobileHUDButtonFire.uasset" 15
"../../../Engine/Content/MobileResources/HUD/MobileHUDDirectionPad.uasset" 16
"../../../Engine/Content/MobileResources/HUD/MobileHUDDirectionPad2.uasset" 17
"../../../Engine/Content/MobileResources/HUD/MobileHUDDirectionPad3.uasset" 18
"../../../Engine/Content/MobileResources/HUD/MobileHUDDirectionStick.uasset" 19
"../../../Engine/Content/MobileResources/HUD/T_Castle_ThumbstickInner.uasset" 20
"../../../Engine/Content/MobileResources/HUD/T_Castle_ThumbstickOutter.uasset" 21
"../../../Engine/Content/Tutorial/ContentIntroCurve.uasset" 22
"../../../Engine/Content/Tutorial/Basics/LevelEditorAttract.uasset" 23
"../../../Engine/Content/Tutorial/Basics/TutorialAssets/icon_tab_Levels_40x.uasset" 24
"../../../Engine/Content/Tutorial/Basics/LevelEditorOverview.uasset" 25
"../../../Engine/Content/Tutorial/Mobile/TutorialAssets/IOS.uasset" 26
"../../../Engine/Content/Tutorial/Mobile/InstallingiTunesTutorial.uasset" 27
"../../../Engine/Content/VREditor/LaserPointer/VR_LaserPower_01.uasset" 28
"../../../Engine/Content/VREditor/TransformGizmo/TransformGizmoMaterial.uasset" 29
"../../../Engine/Content/VREditor/TransformGizmo/TranslucentTransformGizmoMaterial.uasset" 30
"../../../Engine/Content/VREditor/TransformGizmo/BoundingBoxCorner.uasset" 31
"../../../Engine/Content/VREditor/TransformGizmo/BoundingBoxEdge.uasset" 32
"../../../Engine/Content/VREditor/TransformGizmo/PlaneTranslationHandle.uasset" 33
"../../../Engine/Content/VREditor/TransformGizmo/Main.uasset" 34
"../../../Engine/Content/VREditor/TransformGizmo/Xray.uasset" 35
"../../../Engine/Content/VREditor/TransformGizmo/SM_Sequencer_Key.uasset" 36
"../../../Engine/Content/VREditor/TransformGizmo/SM_Sequencer_Node.uasset" 37
"../../../Engine/Content/Animation/DefaultAnimCurveCompressionSettings.uasset" 38
"../../../Engine/Content/Functions/Engine_MaterialFunctions01/Opacity/CameraDepthFade.uasset" 39
"../../../Engine/Content/EngineMaterials/T_Default_Material_Grid_M.uasset" 40
"../../../Engine/Content/EngineMaterials/T_Default_Material_Grid_N.uasset" 41
"../../../Engine/Content/EngineMaterials/WorldGridMaterial.uasset" 42
"../../../Engine/Content/ArtTools/RenderToTexture/Meshes/S_1_Unit_Plane.uasset" 43
"../../../Engine/Content/EngineMaterials/DefaultMaterial.uasset" 44
"../../../Engine/Content/BasicShapes/Cone.uasset" 45
"../../../Engine/Content/BasicShapes/Cube.uasset" 46
"../../../Engine/Content/BasicShapes/Cylinder.uasset" 47
"../../../Engine/Content/EngineMaterials/DefaultPhysicalMaterial.uasset" 48
"../../../Engine/Content/BufferVisualization/AmbientOcclusion.uasset" 49
"../../../Engine/Content/BufferVisualization/BaseColor.uasset" 50
"../../../Engine/Content/BufferVisualization/CustomDepth.uasset" 51
"../../../Engine/Content/Functions/Engine_MaterialFunctions02/Utility/VectorLength.uasset" 52
"../../../Engine/Content/BufferVisualization/CustomDepthWorldUnits.uasset" 53
"../../../Engine/Content/Functions/Engine_MaterialFunctions02/Utility/BreakOutFloat2Components.uasset" 54
"../../../Engine/Content/Functions/Engine_MaterialFunctions01/Texturing/ScaleUVsByCenter.uasset" 55
"../../../Engine/Content/Functions/Engine_MaterialFunctions02/ScreenResolution.uasset" 56
"../../../Engine/Content/Functions/Engine_MaterialFunctions02/Texturing/ScreenAlignedUVs.uasset" 57
"../../../Engine/Content/Functions/Engine_MaterialFunctions02/Utility/MakeFloat2.uasset" 58
"../../../Engine/Content/Functions/Engine_MaterialFunctions02/Utility/MakeFloat3.uasset" 59
"../../../Engine/Content/EngineMaterials/MiniFont.uasset" 60
"../../../Engine/Content/BufferVisualization/CustomStencil.uasset" 61
"../../../Engine/Content/BufferVisualization/FinalImage.uasset" 62
"../../../Engine/Content/BufferVisualization/LightingModel.uasset" 63
"../../../Engine/Content/BufferVisualization/MaterialAO.uasset" 64
"../../../Engine/Content/BufferVisualization/Metallic.uasset" 65
"../../../Engine/Content/BufferVisualization/Opacity.uasset" 66
"../../../Engine/Content/BufferVisualization/PostTonemapHDRColor.uasset" 67
"../../../Engine/Content/BufferVisualization/PreTonemapHDRColor.uasset" 68
"../../../Engine/Content/BufferVisualization/Roughness.uasset" 69
"../../../Engine/Content/BufferVisualization/SceneColor.uasset" 70
"../../../Engine/Content/BufferVisualization/SceneDepth.uasset" 71
"../../../Engine/Content/BufferVisualization/SceneDepthWorldUnits.uasset" 72
"../../../Engine/Content/BufferVisualization/SeparateTranslucencyA.uasset" 73
"../../../Engine/Content/BufferVisualization/SeparateTranslucencyRGB.uasset" 74
"../../../Engine/Content/BufferVisualization/Specular.uasset" 75
"../../../Engine/Content/BufferVisualization/SubsurfaceColor.uasset" 76
"../../../Engine/Content/BufferVisualization/Velocity.uasset" 77
"../../../Engine/Content/BufferVisualization/WorldNormal.uasset" 78
"../../../Engine/Content/EditorLandscapeResources/DataLayer.uasset" 79
"../../../Engine/Content/EditorLandscapeResources/DefaultAlphaTexture.uasset" 80
"../../../Engine/Content/EditorLandscapeResources/LandscapeGizmoHeight_Mat.uasset" 81
"../../../Engine/Content/EditorLandscapeResources/LandscapeGizmo_Mat.uasset" 82
"../../../Engine/Content/EditorLandscapeResources/LandscapeGizmo_Mat_Copied.uasset" 83
"../../../Engine/Content/EditorLandscapeResources/SplineEditorMeshMat.uasset" 84
"../../../Engine/Content/EditorLandscapeResources/SplineEditorMesh.uasset" 85
"../../../Engine/Content/EditorMaterials/Cross.uasset" 86
"../../../Engine/Content/EditorMaterials/Cross_Mat.uasset" 87
"../../../Engine/Content/EditorMaterials/GizmoMaterial.uasset" 88
"../../../Engine/Content/Functions/Engine_MaterialFunctions02/ExampleContent/Textures/flipbook.uasset" 89
"../../../Engine/Content/Functions/Engine_MaterialFunctions02/Texturing/FlipBook.uasset" 90
"../../../Engine/Content/Functions/Engine_MaterialFunctions02/Utility/Sign.uasset" 91
"../../../Engine/Content/Functions/Engine_MaterialFunctions02/Utility/Round.uasset" 92
"../../../Engine/Content/EditorResources/T_EditorHelp.uasset" 93
"../../../Engine/Content/EditorMaterials/HelpActorMaterial.uasset" 94
"../../../Engine/Content/EditorMaterials/CompositeARGBLayer.uasset" 95
"../../../Engine/Content/EditorMaterials/TilingAALineIntegral.uasset" 96
"../../../Engine/Content/EditorMaterials/TilingAALineBoxFiltered.uasset" 97
"../../../Engine/Content/Functions/Engine_MaterialFunctions03/Procedurals/ComputeFilterWidth.uasset" 98
"../../../Engine/Content/EditorMaterials/TilingAADots.uasset" 99
"../../../Engine/Content/EngineMaterials/BlendFunc_DefBase.uasset" 100
"../../../Engine/Content/EngineMaterials/BlendFunc_DefBlend.uasset" 101
"../../../Engine/Content/Functions/Engine_MaterialFunctions03/Blends/Blend_Screen.uasset" 102
"../../../Engine/Content/EditorMaterials/TilingAAGrid.uasset" 103
"../../../Engine/Content/EditorMaterials/LevelGridMaterial.uasset" 104
"../../../Engine/Content/EditorMaterials/MakeCompositeARGBLayer.uasset" 105
"../../../Engine/Content/EditorResources/LevelGrid1DStripes.uasset" 106
"../../../Engine/Content/EditorMaterials/TextureGridCascaded1D.uasset" 107
"../../../Engine/Content/EditorMaterials/TextureGridCascaded2D.uasset" 108
"../../../Engine/Content/EditorMaterials/LevelGridMaterial2.uasset" 109
"../../../Engine/Content/EditorMaterials/MAT_Groups_Toggle.uasset" 110
"../../../Engine/Content/EditorMaterials/MAT_Groups_Visibility.uasset" 111
"../../../Engine/Content/EditorMaterials/PhAT_BoneSelectedMaterial.uasset" 112
"../../../Engine/Content/EditorMaterials/PhAT_ElemSelectedMaterial.uasset" 113
"../../../Engine/Content/EditorMaterials/PhAT_NoCollisionMaterial.uasset" 114
"../../../Engine/Content/EditorMaterials/PhAT_UnselectedMaterial.uasset" 115
"../../../Engine/Content/EditorMaterials/PreviewShadowIndicator.uasset" 116
"../../../Engine/Content/EditorMaterials/PreviewShadowIndicatorMaterial.uasset" 117
"../../../Engine/Content/EditorMaterials/TargetIcon.uasset" 118
"../../../Engine/Content/EditorMaterials/Tick.uasset" 119
"../../../Engine/Content/EditorMaterials/Tick_Mat.uasset" 120
"../../../Engine/Content/EditorMaterials/WidgetGridVertexColorMaterial.uasset" 121
"../../../Engine/Content/EditorMaterials/WidgetGridVertexColorMaterial_Ma.uasset" 122
"../../../Engine/Content/EditorMaterials/WidgetMaterial.uasset" 123
"../../../Engine/Content/EditorMaterials/WidgetMaterial_Current.uasset" 124
"../../../Engine/Content/EditorMaterials/WidgetMaterial_X.uasset" 125
"../../../Engine/Content/EditorMaterials/WidgetMaterial_Y.uasset" 126
"../../../Engine/Content/EditorMaterials/WidgetMaterial_Z.uasset" 127
"../../../Engine/Content/EditorMaterials/WidgetVertexColorMaterial.uasset" 128
"../../../Engine/Content/EditorMaterials/MatineeGroups/MAT_ColorTrack.uasset" 129
"../../../Engine/Content/EditorMaterials/MatineeGroups/MAT_Groups_Anim.uasset" 130
"../../../Engine/Content/EditorMaterials/MatineeGroups/MAT_Groups_AudioMaster.uasset" 131
"../../../Engine/Content/EditorMaterials/MatineeGroups/MAT_Groups_Director.uasset" 132
"../../../Engine/Content/EditorMaterials/MatineeGroups/MAT_Groups_Event.uasset" 133
"../../../Engine/Content/EditorMaterials/MatineeGroups/MAT_Groups_Fade.uasset" 134
"../../../Engine/Content/EditorMaterials/MatineeGroups/MAT_Groups_Float.uasset" 135
"../../../Engine/Content/EditorMaterials/MatineeGroups/MAT_Groups_Move.uasset" 136
"../../../Engine/Content/EditorMaterials/MatineeGroups/MAT_Groups_Slomo.uasset" 137
"../../../Engine/Content/EditorMaterials/MatineeGroups/MAT_Groups_Sound.uasset" 138
"../../../Engine/Content/EditorMaterials/MatineeGroups/MAT_Groups_Vector.uasset" 139
"../../../Engine/Content/EditorMaterials/ParticleSystems/PSysThumbnail_NoImage.uasset" 140
"../../../Engine/Content/EditorMaterials/ParticleSystems/PSysThumbnail_OOD.uasset" 141
"../../../Engine/Content/EngineMaterials/Grid.uasset" 142
"../../../Engine/Content/EditorMaterials/Thumbnails/FloorPlaneMaterial.uasset" 143
"../../../Engine/Content/EditorMeshes/EditorCube.uasset" 144
"../../../Engine/Content/EditorMeshes/EditorCylinder.uasset" 145
"../../../Engine/Content/EditorMeshes/EditorPlane.uasset" 146
"../../../Engine/Content/EditorMaterials/Thumbnails/SkySphereMaterial.uasset" 147
"../../../Engine/Content/EditorMeshes/EditorSkySphere.uasset" 148
"../../../Engine/Content/EditorMeshes/EditorSphere.uasset" 149
"../../../Engine/Content/EditorResources/MatineeCam_D.uasset" 150
"../../../Engine/Content/EditorMaterials/MatineeCam_mat.uasset" 151
"../../../Engine/Content/EditorMeshes/MatineeCam_SM.uasset" 152
"../../../Engine/Content/EditorMeshes/PlanarReflectionPlane.uasset" 153
"../../../Engine/Content/EditorMaterials/Camera/CineMat.uasset" 154
"../../../Engine/Content/EditorMaterials/Camera/MI_CineMat_CameraBody.uasset" 155
"../../../Engine/Content/EngineDebugMaterials/M_SimpleOpaque.uasset" 156
"../../../Engine/Content/EditorMaterials/Camera/MI_CineMat_CamViewFinder.uasset" 157
"../../../Engine/Content/EditorMeshes/Camera/SM_CineCam.uasset" 158
"../../../Engine/Content/EditorMaterials/Camera/MI_CineMat_Rig.uasset" 159
"../../../Engine/Content/EditorMeshes/Camera/SM_CraneRig_Arm.uasset" 160
"../../../Engine/Content/EditorMeshes/Camera/SM_CraneRig_Base.uasset" 161
"../../../Engine/Content/EditorMeshes/Camera/SM_CraneRig_Body.uasset" 162
"../../../Engine/Content/EditorMeshes/Camera/SM_CraneRig_Mount.uasset" 163
"../../../Engine/Content/EditorMeshes/Camera/SM_RailRig_Mount.uasset" 164
"../../../Engine/Content/EditorMeshes/Camera/SM_RailRig_Track.uasset" 165
"../../../Engine/Content/EditorMeshes/ColorCalibrator/M_ChromeBall.uasset" 166
"../../../Engine/Content/EditorResources/Bad.uasset" 167
"../../../Engine/Content/EditorResources/BSPVertex.uasset" 168
"../../../Engine/Content/EditorResources/EmptyActor.uasset" 169
"../../../Engine/Content/EditorResources/MatInstActSprite.uasset" 170
"../../../Engine/Content/EditorResources/SceneManager.uasset" 171
"../../../Engine/Content/EditorResources/SmallFont.uasset" 172
"../../../Engine/Content/EditorResources/S_Actor.uasset" 173
"../../../Engine/Content/EditorResources/S_DecalActorIcon.uasset" 174
"../../../Engine/Content/EditorResources/S_Emitter.uasset" 175
"../../../Engine/Content/EditorResources/S_ExpoHeightFog.uasset" 176
"../../../Engine/Content/EditorResources/S_FTest.uasset" 177
"../../../Engine/Content/EditorResources/S_KBSJoint.uasset" 178
"../../../Engine/Content/EditorResources/S_KHinge.uasset" 179
"../../../Engine/Content/EditorResources/S_KPrismatic.uasset" 180
"../../../Engine/Content/EditorResources/S_LevelSequence.uasset" 181
"../../../Engine/Content/EditorResources/S_NavP.uasset" 182
"../../../Engine/Content/EditorResources/S_Note.uasset" 183
"../../../Engine/Content/EditorResources/S_Player.uasset" 184
"../../../Engine/Content/EditorResources/S_PortalActorIcon2.uasset" 185
"../../../Engine/Content/EditorResources/S_RadForce.uasset" 186
"../../../Engine/Content/EditorResources/S_ReflActorIcon.uasset" 187
"../../../Engine/Content/EditorResources/S_Terrain.uasset" 188
"../../../Engine/Content/EditorResources/S_TextRenderActorIcon.uasset" 189
"../../../Engine/Content/EditorResources/S_Thruster.uasset" 190
"../../../Engine/Content/EditorResources/S_Trigger.uasset" 191
"../../../Engine/Content/EditorResources/S_VectorFieldVol.uasset" 192
"../../../Engine/Content/EditorResources/S_WindDirectional.uasset" 193
"../../../Engine/Content/EditorResources/AI/S_NavLink.uasset" 194
"../../../Engine/Content/EditorResources/LightIcons/SkyLight.uasset" 195
"../../../Engine/Content/EditorResources/LightIcons/S_LightDirectional.uasset" 196
"../../../Engine/Content/EditorResources/LightIcons/S_LightDirectionalMove.uasset" 197
"../../../Engine/Content/EditorResources/LightIcons/S_LightError.uasset" 198
"../../../Engine/Content/EditorResources/LightIcons/S_LightPoint.uasset" 199
"../../../Engine/Content/EditorResources/LightIcons/S_LightPointMove.uasset" 200
"../../../Engine/Content/EditorResources/LightIcons/S_LightSpot.uasset" 201
"../../../Engine/Content/EditorResources/LightIcons/S_LightSpotMove.uasset" 202
"../../../Engine/Content/EditorResources/SequenceRecorder/Countdown.uasset" 203
"../../../Engine/Content/EditorResources/SequenceRecorder/RecordingIndicator.uasset" 204
"../../../Engine/Content/EditorResources/Spline/T_Loft_Spline.uasset" 205
"../../../Engine/Content/EditorSounds/Notifications/CompileFailed.uasset" 206
"../../../Engine/Content/EditorSounds/Notifications/CompileFailed_Cue.uasset" 207
"../../../Engine/Content/EditorSounds/Notifications/CompileSuccess.uasset" 208
"../../../Engine/Content/EditorSounds/Notifications/CompileStart_Cue.uasset" 209
"../../../Engine/Content/EditorSounds/Notifications/CompileSuccess_Cue.uasset" 210
"../../../Engine/Content/EngineDamageTypes/DmgTypeBP_Environmental.uasset" 211
"../../../Engine/Content/EngineDebugMaterials/HeatmapGradient.uasset" 212
"../../../Engine/Content/EngineDebugMaterials/BoneWeightMaterial.uasset" 213
"../../../Engine/Content/EngineDebugMaterials/ClothMaterial.uasset" 214
"../../../Engine/Content/EngineDebugMaterials/ClothMaterial_WF.uasset" 215
"../../../Engine/Content/EngineDebugMaterials/DebugEditorMaterial.uasset" 216
"../../../Engine/Content/EngineDebugMaterials/DebugMeshMaterial.uasset" 217
"../../../Engine/Content/EngineDebugMaterials/GeomMaterial.uasset" 218
"../../../Engine/Content/Functions/Engine_MaterialFunctions01/Shading/ConvertFromDiffSpec.uasset" 219
"../../../Engine/Content/EngineDebugMaterials/LevelColorationLitMaterial.uasset" 220
"../../../Engine/Content/EngineDebugMaterials/LevelColorationUnlitMaterial.uasset" 221
"../../../Engine/Content/EngineMaterials/DefaultWhiteGrid.uasset" 222
"../../../Engine/Content/EngineDebugMaterials/MAT_LevelColorationLitLightmapUV.uasset" 223
"../../../Engine/Content/EngineDebugMaterials/M_SimpleTranslucent.uasset" 224
"../../../Engine/Content/EngineDebugMaterials/ShadedLevelColorationLitMaterial.uasset" 225
"../../../Engine/Content/EngineDebugMaterials/ShadedLevelColorationUnlitMateri.uasset" 226
"../../../Engine/Content/EngineDebugMaterials/VertexColorMaterial.uasset" 227
"../../../Engine/Content/EngineDebugMaterials/VertexColorViewMode_AlphaAsColor.uasset" 228
"../../../Engine/Content/EngineDebugMaterials/VertexColorViewMode_BlueOnly.uasset" 229
"../../../Engine/Content/EngineDebugMaterials/VertexColorViewMode_ColorOnly.uasset" 230
"../../../Engine/Content/EngineDebugMaterials/VertexColorViewMode_GreenOnly.uasset" 231
"../../../Engine/Content/EngineDebugMaterials/VertexColorViewMode_RedOnly.uasset" 232
"../../../Engine/Content/EngineDebugMaterials/WireframeMaterial.uasset" 233
"../../../Engine/Content/EngineFonts/Faces/RobotoBold.uasset" 234
"../../../Engine/Content/EngineFonts/Faces/RobotoBoldItalic.uasset" 235
"../../../Engine/Content/EngineFonts/Faces/RobotoItalic.uasset" 236
"../../../Engine/Content/EngineFonts/Faces/RobotoLight.uasset" 237
"../../../Engine/Content/EngineFonts/Faces/RobotoRegular.uasset" 238
"../../../Engine/Content/EngineFonts/Roboto.uasset" 239
"../../../Engine/Content/EngineFonts/Faces/RobotoTiny.uasset" 240
"../../../Engine/Content/EngineFonts/RobotoTiny.uasset" 241
"../../../Engine/Content/EngineFonts/SmallFont.uasset" 242
"../../../Engine/Content/EngineFonts/TinyFont.uasset" 243
"../../../Engine/Content/EngineMaterials/BaseFlattenDiffuseMap.uasset" 244
"../../../Engine/Content/EngineMaterials/BaseFlattenEmissiveMap.uasset" 245
"../../../Engine/Content/EngineMaterials/BaseFlattenGrayscaleMap.uasset" 246
"../../../Engine/Content/EngineMaterials/BaseFlattenNormalMap.uasset" 247
"../../../Engine/Content/EngineMaterials/BaseFlattenMaterial.uasset" 248
"../../../Engine/Content/EngineResources/WhiteSquareTexture.uasset" 249
"../../../Engine/Content/EngineMaterials/BlinkingCaret.uasset" 250
"../../../Engine/Content/EngineMaterials/DefaultBloomKernel.uasset" 251
"../../../Engine/Content/EngineMaterials/DefaultBokeh.uasset" 252
"../../../Engine/Content/EngineMaterials/DefaultDiffuse.uasset" 253
"../../../Engine/Content/EngineMaterials/DefaultDeferredDecalMaterial.uasset" 254
"../../../Engine/Content/EngineMaterials/DefaultLightFunctionMaterial.uasset" 255
"../../../Engine/Content/EngineMaterials/DefaultNormal.uasset" 256
"../../../Engine/Content/EngineMaterials/DefaultPostProcessMaterial.uasset" 257
"../../../Engine/Content/EngineFonts/RobotoDistanceField.uasset" 258
"../../../Engine/Content/EngineMaterials/DefaultTextMaterialOpaque.uasset" 259
"../../../Engine/Content/EngineMaterials/EditorBrushMaterial.uasset" 260
"../../../Engine/Content/EngineMaterials/Good64x64TilingNoiseHighFreq.uasset" 261
"../../../Engine/Content/EngineMaterials/Grid_N.uasset" 262
"../../../Engine/Content/EngineMaterials/HighResolutionScreenshotMaskFunction.uasset" 263
"../../../Engine/Content/EngineMaterials/HighResScreenshot.uasset" 264
"../../../Engine/Content/EngineMaterials/HighResScreenshotCaptureRegion.uasset" 265
"../../../Engine/Content/EngineMaterials/HighResScreenshotMask.uasset" 266
"../../../Engine/Content/EngineMaterials/LandscapeHolePhysicalMaterial.uasset" 267
"../../../Engine/Content/EngineMaterials/InvalidLightmapSettings.uasset" 268
"../../../Engine/Content/EngineMaterials/M_InvalidLightmapSettings.uasset" 269
"../../../Engine/Content/EngineMaterials/PaperDiffuse.uasset" 270
"../../../Engine/Content/EngineMaterials/PaperNormal.uasset" 271
"../../../Engine/Content/Functions/Engine_MaterialFunctions02/WorldPositionOffset/CameraOffset.uasset" 272
"../../../Engine/Content/EngineMaterials/PhAT_JointLimitMaterial.uasset" 273
"../../../Engine/Content/EngineMaterials/PhysMat_Rubber.uasset" 274
"../../../Engine/Content/EngineMaterials/PreintegratedSkinBRDF.uasset" 275
"../../../Engine/Content/EngineMaterials/RemoveSurfaceMaterial.uasset" 276
"../../../Engine/Content/EngineMaterials/WeightMapPlaceholderTexture.uasset" 277
"../../../Engine/Content/EngineMaterials/Widget3DPassThrough.uasset" 278
"../../../Engine/Content/EngineMaterials/Widget3DPassThrough_Masked.uasset" 279
"../../../Engine/Content/EngineMaterials/Widget3DPassThrough_Opaque.uasset" 280
"../../../Engine/Content/EngineMaterials/Widget3DPassThrough_Masked_OneSided.uasset" 281
"../../../Engine/Content/EngineMaterials/Widget3DPassThrough_Opaque_OneSided.uasset" 282
"../../../Engine/Content/EngineMaterials/Widget3DPassThrough_Translucent.uasset" 283
"../../../Engine/Content/EngineMaterials/Widget3DPassThrough_Translucent_OneSided.uasset" 284
"../../../Engine/Content/EngineMeshes/Cylinder.uasset" 285
"../../../Engine/Content/EngineMeshes/Sphere.uasset" 286
"../../../Engine/Content/EngineResources/Black.uasset" 287
"../../../Engine/Content/EngineResources/DefaultTexture.uasset" 288
"../../../Engine/Content/EngineResources/DefaultTextureCube.uasset" 289
"../../../Engine/Content/EngineResources/DefaultVolumeTexture2D.uasset" 290
"../../../Engine/Content/EngineResources/DefaultVolumeTexture.uasset" 291
"../../../Engine/Content/EngineResources/GradientTexture0.uasset" 292
"../../../Engine/Content/EngineResources/StreamingPauseIcon.uasset" 293
"../../../Engine/Content/EngineResources/M_StreamingPause.uasset" 294
"../../../Engine/Content/EngineSounds/Master.uasset" 295
"../../../Engine/Content/Functions/Engine_MaterialFunctions01/Shading/PowerToRoughness.uasset" 296
"../../Plugins/2D/Paper2D/Content/PlaceholderTextures/DummySpriteTexture.uasset" 297
"../../Plugins/2D/Paper2D/Content/DummySprite.uasset" 298
"../../Plugins/2D/Paper2D/Content/DefaultPaperTerrainMaterial.uasset" 299
"../../Plugins/2D/Paper2D/Content/DefaultSpriteMaterial.uasset" 300
"../../Plugins/2D/Paper2D/Content/MaskedUnlitSpriteMaterial.uasset" 301
"../../Plugins/2D/Paper2D/Content/OpaqueUnlitSpriteMaterial.uasset" 302
"../../Plugins/Runtime/Oculus/OculusVR/Content/OculusMR_RenderTarget.uasset" 303
"../../../Engine/Content/Functions/Engine_MaterialFunctions02/Utility/BreakOutFloat4Components.uasset" 304
"../../Plugins/Runtime/Oculus/OculusVR/Content/Materials/OculusMR_ChromaKey.uasset" 305
"../../Plugins/Runtime/Oculus/OculusVR/Content/Materials/OculusMR_ChromaKey_Lit.uasset" 306
"../../Plugins/Runtime/Oculus/OculusVR/Content/Materials/OculusMR_OpaqueColoredMaterial.uasset" 307
"../../Plugins/Runtime/Oculus/OculusVR/Content/Materials/OculusMR_WhiteMaterial.uasset" 308
"../../Plugins/Runtime/Oculus/OculusVR/Content/Materials/PokeAHoleMaterial.uasset" 309
"../../Plugins/Runtime/Oculus/OculusVR/Content/Textures/GearVRController_AO.uasset" 310
"../../Plugins/Runtime/Oculus/OculusVR/Content/Textures/GearVRController_Color.uasset" 311
"../../Plugins/Runtime/Oculus/OculusVR/Content/Textures/GearVRController_Normal.uasset" 312
"../../Plugins/Runtime/Oculus/OculusVR/Content/Materials/GearVRControllerMaterial.uasset" 313
"../../Plugins/Runtime/Oculus/OculusVR/Content/Meshes/GearVrController.uasset" 314
"../../Plugins/Runtime/Oculus/OculusVR/Content/Textures/touchController_albedo.uasset" 315
"../../Plugins/Runtime/Oculus/OculusVR/Content/Textures/touchController_controlmap.uasset" 316
"../../Plugins/Runtime/Oculus/OculusVR/Content/Materials/touchController_mat.uasset" 317
"../../Plugins/Runtime/Oculus/OculusVR/Content/Meshes/LeftTouchController.uasset" 318
"../../Plugins/Runtime/Oculus/OculusVR/Content/Meshes/RiftHMD.uasset" 319
"../../Plugins/Runtime/Oculus/OculusVR/Content/Meshes/RightTouchController.uasset" 320
"../../../Engine/Content/Maps/Entry_BuiltData.uasset" 321
"../../../Engine/Content/Maps/Entry.umap" 322
"../../../../../../BeyondTheGate/DivinaCommediaVR/Content/Packs/AnimalsWolf/Meshes/SK-Wolf_Skeleton.uasset" 323
"../../../../../../BeyondTheGate/DivinaCommediaVR/Content/Packs/AnimalsWolf/Meshes/Animations/Loco_WalkSlow.uasset" 324
"../../../Engine/Content/EditorBlueprintResources/StandardMacros.uasset" 325
"../../../../../../BeyondTheGate/DivinaCommediaVR/Content/Packs/GoodSky/Source/Data/Curve/Curve_GoodSky_Stars.uasset" 326
"../../../../../../BeyondTheGate/DivinaCommediaVR/Content/Packs/GoodSky/Source/Data/Curve/Curve_GoodSky_SunLight.uasset" 327
"../../../../../../BeyondTheGate/DivinaCommediaVR/Content/Packs/GoodSky/Source/Data/Curve/Curve_GoodSky_AllOverlayColor.uasset" 328
"../../../../../../BeyondTheGate/DivinaCommediaVR/Content/Packs/GoodSky/Source/Data/Curve/Curve_GoodSky_BaseCloudColor.uasset" 329
"../../../../../../BeyondTheGate/DivinaCommediaVR/Content/Packs/GoodSky/Source/Data/Curve/Curve_GoodSky_DomeColor.uasset" 330
"../../../../../../BeyondTheGate/DivinaCommediaVR/Content/Packs/GoodSky/Source/Data/Curve/Curve_GoodSky_horizon_Color.uasset" 331
"../../../../../../BeyondTheGate/DivinaCommediaVR/Content/Packs/GoodSky/Source/Data/Curve/Curve_GoodSky_SunDirection_Vector.uasset" 332
"../../../../../../BeyondTheGate/DivinaCommediaVR/Content/Packs/GoodSky/Source/Data/Structure/Structure_GoodSky.uasset" 333
"../../../../../../BeyondTheGate/DivinaCommediaVR/Content/Packs/GoodSky/Source/Data/DataTable/DataTable_GoodSky.uasset" 334
"../../../../../../BeyondTheGate/DivinaCommediaVR/Content/Packs/GoodSky/Source/ArrowTool/T_GoodSky_SkyRing.uasset" 335
"../../../../../../BeyondTheGate/DivinaCommediaVR/Content/Packs/GoodSky/Source/ArrowTool/M_GoodSky_SkyRing_.uasset" 336
"../../../../../../BeyondTheGate/DivinaCommediaVR/Content/Packs/GoodSky/Source/ArrowTool/M_GoodSky_Sun_Emissive.uasset" 337
"../../../Engine/Content/Functions/Engine_MaterialFunctions01/Gradient/LinearGradient.uasset" 338
"../../../../../../BeyondTheGate/DivinaCommediaVR/Content/Packs/GoodSky/Source/Materials/Material_Function/MF_GoodSky_SkyDomeAlpha.uasset" 339
"../../../../../../BeyondTheGate/DivinaCommediaVR/Content/Packs/GoodSky/Source/Materials/Material_Function/MF_GoodSky_Time.uasset" 340
"../../../../../../BeyondTheGate/DivinaCommediaVR/Content/Packs/GoodSky/Source/Textures/T_GoodSky_clouds_A.uasset" 341
"../../../../../../BeyondTheGate/DivinaCommediaVR/Content/Packs/GoodSky/Source/Textures/T_GoodSky_clouds_B.uasset" 342
"../../../../../../BeyondTheGate/DivinaCommediaVR/Content/Packs/GoodSky/Source/Textures/T_GoodSky_clouds_F.uasset" 343
"../../../../../../BeyondTheGate/DivinaCommediaVR/Content/Packs/GoodSky/Source/Textures/T_GoodSky_clouds_sphere.uasset" 344
"../../../../../../BeyondTheGate/DivinaCommediaVR/Content/Packs/GoodSky/Source/Materials/M_GoodSky_Base.uasset" 345
"../../../Engine/Content/Functions/Engine_MaterialFunctions01/Density/ExponentialDensity.uasset" 346
"../../../Engine/Content/Functions/Engine_MaterialFunctions01/Gradient/RadialGradientExponential.uasset" 347
"../../../Engine/Content/Functions/Engine_MaterialFunctions01/Texturing/ScaleUVsAroundPoint.uasset" 348
"../../../../../../BeyondTheGate/DivinaCommediaVR/Content/Packs/GoodSky/Source/Textures/T_GoodSky_Moon.uasset" 349
"../../../../../../BeyondTheGate/DivinaCommediaVR/Content/Packs/GoodSky/Source/Materials/M_GoodSky_Moon.uasset" 350
"../../../Engine/Content/Functions/Engine_MaterialFunctions01/Texturing/ComputeMipLevel.uasset" 351
"../../../Engine/Content/Functions/Engine_MaterialFunctions01/Texturing/TextureCropping.uasset" 352
"../../../Engine/Content/Functions/Engine_MaterialFunctions02/Utility/BreakOutFloat3Components.uasset" 353
"../../../Engine/Content/Functions/Engine_MaterialFunctions02/ExampleContent/DebugNumberStrip.uasset" 354
"../../../Engine/Content/Functions/Engine_MaterialFunctions02/ExampleContent/Textures/DebugNumberPeriod.uasset" 355
"../../../Engine/Content/Functions/Engine_MaterialFunctions02/Utility/DebugScalarValues.uasset" 356
"../../../Engine/Content/Functions/Engine_MaterialFunctions02/Utility/DebugFloat3Values.uasset" 357
"../../../Engine/Content/Functions/Engine_MaterialFunctions02/Math/RGBtoHSV.uasset" 358
"../../../../../../BeyondTheGate/DivinaCommediaVR/Content/Packs/GoodSky/Source/Textures/T_GoodSky_noise_smooth.uasset" 359
"../../../../../../BeyondTheGate/DivinaCommediaVR/Content/Packs/GoodSky/Source/Materials/Material_Function/MF_GoodSky_LightningFlick.uasset" 360
"../../../../../../BeyondTheGate/DivinaCommediaVR/Content/Packs/GoodSky/Source/Textures/T_GoodSky_Lightning.uasset" 361
"../../../../../../BeyondTheGate/DivinaCommediaVR/Content/Packs/GoodSky/Source/Materials/M_GoodSky_Storm.uasset" 362
"../../../../../../BeyondTheGate/DivinaCommediaVR/Content/Packs/GoodSky/Source/Textures/T_GoodSky_Stars.uasset" 363
"../../../../../../BeyondTheGate/DivinaCommediaVR/Content/Packs/GoodSky/Source/Materials/M_GoodSky_Sun_Stars.uasset" 364
"../../../Engine/Content/BasicShapes/Plane.uasset" 365
"../../../Engine/Content/BasicShapes/Sphere.uasset" 366
"../../../../../../BeyondTheGate/DivinaCommediaVR/Content/Packs/GoodSky/Source/ArrowTool/SM_GoodSky_StarMesh.uasset" 367
"../../../../../../BeyondTheGate/DivinaCommediaVR/Content/Packs/GoodSky/Source/Data/Enum/Enum_GoodSky_Clouds_Coverage.uasset" 368
"../../../../../../BeyondTheGate/DivinaCommediaVR/Content/Packs/GoodSky/Source/Data/Enum/Enum_GoodSky_Effects.uasset" 369
"../../../../../../BeyondTheGate/DivinaCommediaVR/Content/Packs/GoodSky/Source/Data/Enum/Enum_GoodSky_MeshType.uasset" 370
"../../../../../../BeyondTheGate/DivinaCommediaVR/Content/Packs/GoodSky/Source/Data/Enum/Enum_GoodSky_Preset.uasset" 371
"../../../../../../BeyondTheGate/DivinaCommediaVR/Content/Packs/GoodSky/Source/Data/Enum/Enum_GoodSky_Style_Clouds.uasset" 372
"../../../../../../BeyondTheGate/DivinaCommediaVR/Content/Packs/GoodSky/Source/Mesh/SM_GoodSky_Hemisphere.uasset" 373
"../../../../../../BeyondTheGate/DivinaCommediaVR/Content/Packs/GoodSky/Source/Mesh/SM_GoodSky_Sphere.uasset" 374
"../../../../../../BeyondTheGate/DivinaCommediaVR/Content/Packs/GoodSky/Source/Textures/T_GoodSky_clouds_C.uasset" 375
"../../../../../../BeyondTheGate/DivinaCommediaVR/Content/Packs/GoodSky/Source/Textures/T_GoodSky_clouds_D.uasset" 376
"../../../../../../BeyondTheGate/DivinaCommediaVR/Content/Packs/GoodSky/Source/Textures/T_GoodSky_clouds_E.uasset" 377
"../../../../../../BeyondTheGate/DivinaCommediaVR/Content/Packs/GoodSky/Blueprint/BP_GoodSky.uasset" 378
"../../../../../../BeyondTheGate/DivinaCommediaVR/Content/Blueprint/Game/BP_DV_GameStateBase.uasset" 379
"../../../Engine/Content/EditorBlueprintResources/ActorMacros.uasset" 380
"../../../../../../BeyondTheGate/DivinaCommediaVR/Content/Blueprint/Game/BP_DV_PlayerStateBase.uasset" 381
"../../../../../../BeyondTheGate/DivinaCommediaVR/Content/Blueprint/Libraries/BP_ActorMacros.uasset" 382
"../../../../../../BeyondTheGate/DivinaCommediaVR/Content/Blueprint/Game/Managers/BP_LevelManager.uasset" 383
"../../../../../../BeyondTheGate/DivinaCommediaVR/Content/AnimStarterPack/UE4_Mannequin/Mesh/UE4_Mannequin_Skeleton.uasset" 384
"../../../../../../BeyondTheGate/DivinaCommediaVR/Content/MovementAnimsetPro_BTC/Animations/AimOffsets/Idle_CC.uasset" 385
"../../../../../../BeyondTheGate/DivinaCommediaVR/Content/MovementAnimsetPro_BTC/Animations/AimOffsets/Idle_D.uasset" 386
"../../../../../../BeyondTheGate/DivinaCommediaVR/Content/MovementAnimsetPro_BTC/Animations/AimOffsets/Idle_L.uasset" 387
"../../../../../../BeyondTheGate/DivinaCommediaVR/Content/MovementAnimsetPro_BTC/Animations/AimOffsets/Idle_LD.uasset" 388
"../../../../../../BeyondTheGate/DivinaCommediaVR/Content/MovementAnimsetPro_BTC/Animations/AimOffsets/Idle_LU.uasset" 389
"../../../../../../BeyondTheGate/DivinaCommediaVR/Content/MovementAnimsetPro_BTC/Animations/AimOffsets/Idle_R.uasset" 390
"../../../../../../BeyondTheGate/DivinaCommediaVR/Content/MovementAnimsetPro_BTC/Animations/AimOffsets/Idle_RD.uasset" 391
"../../../../../../BeyondTheGate/DivinaCommediaVR/Content/MovementAnimsetPro_BTC/Animations/AimOffsets/Idle_RU.uasset" 392
"../../../../../../BeyondTheGate/DivinaCommediaVR/Content/MovementAnimsetPro_BTC/Animations/AimOffsets/Idle_U.uasset" 393
"../../../../../../BeyondTheGate/DivinaCommediaVR/Content/MovementAnimsetPro_BTC/Animations/InPlace/Idle.uasset" 394
"../../../../../../BeyondTheGate/DivinaCommediaVR/Content/MovementAnimsetPro_BTC/BlendSpaces/LookAround.uasset" 395
"../../../../../../BeyondTheGate/DivinaCommediaVR/Content/MovementAnimsetPro_BTC/Animations/RootMotion/Idle.uasset" 396
"../../../../../../BeyondTheGate/DivinaCommediaVR/Content/MovementAnimsetPro_BTC/Animations/RootMotion/RunBwdLoop.uasset" 397
"../../../../../../BeyondTheGate/DivinaCommediaVR/Content/MovementAnimsetPro_BTC/Animations/RootMotion/RunFwdLoop.uasset" 398
"../../../../../../BeyondTheGate/DivinaCommediaVR/Content/MovementAnimsetPro_BTC/Animations/RootMotion/RunLtLoop.uasset" 399
"../../../../../../BeyondTheGate/DivinaCommediaVR/Content/MovementAnimsetPro_BTC/Animations/RootMotion/RunRtLoop.uasset" 400
"../../../../../../BeyondTheGate/DivinaCommediaVR/Content/MovementAnimsetPro_BTC/Animations/RootMotion/RunStrafeLeft135Loop.uasset" 401
"../../../../../../BeyondTheGate/DivinaCommediaVR/Content/MovementAnimsetPro_BTC/Animations/RootMotion/RunStrafeLeft45Loop.uasset" 402
"../../../../../../BeyondTheGate/DivinaCommediaVR/Content/MovementAnimsetPro_BTC/Animations/RootMotion/RunStrafeRight135Loop.uasset" 403
"../../../../../../BeyondTheGate/DivinaCommediaVR/Content/MovementAnimsetPro_BTC/Animations/RootMotion/RunStrafeRight45Loop.uasset" 404
"../../../../../../BeyondTheGate/DivinaCommediaVR/Content/MovementAnimsetPro_BTC/Animations/RootMotion/StrafeLeft135Loop.uasset" 405
"../../../../../../BeyondTheGate/DivinaCommediaVR/Content/MovementAnimsetPro_BTC/Animations/RootMotion/StrafeLeft45Loop.uasset" 406
"../../../../../../BeyondTheGate/DivinaCommediaVR/Content/MovementAnimsetPro_BTC/Animations/RootMotion/StrafeLeftLoop.uasset" 407
"../../../../../../BeyondTheGate/DivinaCommediaVR/Content/MovementAnimsetPro_BTC/Animations/RootMotion/StrafeRight135Loop.uasset" 408
"../../../../../../BeyondTheGate/DivinaCommediaVR/Content/MovementAnimsetPro_BTC/Animations/RootMotion/StrafeRight45Loop.uasset" 409
"../../../../../../BeyondTheGate/DivinaCommediaVR/Content/MovementAnimsetPro_BTC/Animations/RootMotion/StrafeRightLoop.uasset" 410
"../../../../../../BeyondTheGate/DivinaCommediaVR/Content/MovementAnimsetPro_BTC/Animations/RootMotion/WalkBwdLoop.uasset" 411
"../../../../../../BeyondTheGate/DivinaCommediaVR/Content/MovementAnimsetPro_BTC/Animations/RootMotion/WalkFwdLoop.uasset" 412
"../../../../../../BeyondTheGate/DivinaCommediaVR/Content/MovementAnimsetPro_BTC/BlendSpaces/ClassicStrafeMovement.uasset" 413
"../../../../../../BeyondTheGate/DivinaCommediaVR/Content/MovementAnimsetPro_BTC/InPlace/Crouch_WalkBwd_new.uasset" 414
"../../../../../../BeyondTheGate/DivinaCommediaVR/Content/MovementAnimsetPro_BTC/InPlace/Crouch_WalkFwdLoop.uasset" 415
"../../../../../../BeyondTheGate/DivinaCommediaVR/Content/MovementAnimsetPro_BTC/InPlace/Crouch_WalkLt135_new.uasset" 416
"../../../../../../BeyondTheGate/DivinaCommediaVR/Content/MovementAnimsetPro_BTC/InPlace/Crouch_WalkLt45_new.uasset" 417
"../../../../../../BeyondTheGate/DivinaCommediaVR/Content/MovementAnimsetPro_BTC/InPlace/Crouch_WalkLt_new.uasset" 418
"../../../../../../BeyondTheGate/DivinaCommediaVR/Content/MovementAnimsetPro_BTC/InPlace/Crouch_WalkRt135_new.uasset" 419
"../../../../../../BeyondTheGate/DivinaCommediaVR/Content/MovementAnimsetPro_BTC/InPlace/Crouch_WalkRt45_new.uasset" 420
"../../../../../../BeyondTheGate/DivinaCommediaVR/Content/MovementAnimsetPro_BTC/InPlace/Crouch_WalkRt_new.uasset" 421
"../../../../../../BeyondTheGate/DivinaCommediaVR/Content/MovementAnimsetPro_BTC/InPlace/CrouchLoop_new.uasset" 422
"../../../../../../BeyondTheGate/DivinaCommediaVR/Content/MovementAnimsetPro_BTC/BlendSpaces/ClassicStrafeMovement_Crouch.uasset" 423
"../../../../../../BeyondTheGate/DivinaCommediaVR/Content/MovementAnimsetPro_BTC/InPlace/Idle2.uasset" 424
"../../../../../../BeyondTheGate/DivinaCommediaVR/Content/MovementAnimsetPro_BTC/InPlace/TurnLt180.uasset" 425
"../../../../../../BeyondTheGate/DivinaCommediaVR/Content/MovementAnimsetPro_BTC/InPlace/TurnLt90_Loop.uasset" 426
"../../../../../../BeyondTheGate/DivinaCommediaVR/Content/MovementAnimsetPro_BTC/InPlace/TurnRt180.uasset" 427
"../../../../../../BeyondTheGate/DivinaCommediaVR/Content/MovementAnimsetPro_BTC/InPlace/TurnRt90_Loop.uasset" 428
"../../../../../../BeyondTheGate/DivinaCommediaVR/Content/MovementAnimsetPro_BTC/BlendSpaces/TurnInPlace.uasset" 429
"../../../../../../BeyondTheGate/DivinaCommediaVR/Content/Blueprint/VRCharacter/ABP_VRCharacter.uasset" 430
"../../../../../../BeyondTheGate/DivinaCommediaVR/Content/VirtualReality/Mannequin/Character/Mesh/MannequinHand_Right_Skeleton.uasset" 431
"../../../../../../BeyondTheGate/DivinaCommediaVR/Content/VirtualReality/Mannequin/Animations/MannequinHand_Right_CanGrab.uasset" 432
"../../../../../../BeyondTheGate/DivinaCommediaVR/Content/VirtualReality/Mannequin/Animations/MannequinHand_Right_Grab.uasset" 433
"../../../../../../BeyondTheGate/DivinaCommediaVR/Content/VirtualReality/Mannequin/Animations/MannequinHand_Right_Open.uasset" 434
"../../../../../../BeyondTheGate/DivinaCommediaVR/Content/VirtualReality/Mannequin/Animations/RightGrip_BS.uasset" 435
"../../../../../../BeyondTheGate/DivinaCommediaVR/Content/VirtualReality/Mannequin/Animations/I_HandAnim.uasset" 436
"../../../../../../BeyondTheGate/DivinaCommediaVR/Content/Blueprint/GripEnum.uasset" 437
"../../../../../../BeyondTheGate/DivinaCommediaVR/Content/VirtualReality/Mannequin/Animations/RightHand_AnimBP.uasset" 438
"../../../../../../BeyondTheGate/DivinaCommediaVR/Content/VirtualReality/Mannequin/Animations/MannequinHand_HoldingController.uasset" 439
"../../../../../../BeyondTheGate/DivinaCommediaVR/Content/AnimStarterPack/Crouch_Idle_Rifle_Hip.uasset" 440
"../../../../../../BeyondTheGate/DivinaCommediaVR/Content/AnimStarterPack/Idle_Rifle_Hip.uasset" 441
"../../../../../../BeyondTheGate/DivinaCommediaVR/Content/AnimStarterPack/Jump_From_Jog.uasset" 442
"../../../../../../BeyondTheGate/DivinaCommediaVR/Content/AnimStarterPack/Jump_From_Stand.uasset" 443
"../../../../../../BeyondTheGate/DivinaCommediaVR/Content/AnimStarterPack/Crouch_Walk_Bwd_Rifle_Hip.uasset" 444
"../../../../../../BeyondTheGate/DivinaCommediaVR/Content/AnimStarterPack/Crouch_Walk_Fwd_Rifle_Hip.uasset" 445
"../../../../../../BeyondTheGate/DivinaCommediaVR/Content/AnimStarterPack/Crouch_Walk_Lt_Rifle_Hip.uasset" 446
"../../../../../../BeyondTheGate/DivinaCommediaVR/Content/AnimStarterPack/Crouch_Walk_Rt_Rifle_Hip.uasset" 447
"../../../../../../BeyondTheGate/DivinaCommediaVR/Content/AnimStarterPack/BS_CrouchWalk.uasset" 448
"../../../../../../BeyondTheGate/DivinaCommediaVR/Content/AnimStarterPack/Jog_Bwd_Rifle.uasset" 449
"../../../../../../BeyondTheGate/DivinaCommediaVR/Content/AnimStarterPack/Jog_Fwd_Rifle.uasset" 450
"../../../../../../BeyondTheGate/DivinaCommediaVR/Content/AnimStarterPack/Jog_Lt_Rifle.uasset" 451
"../../../../../../BeyondTheGate/DivinaCommediaVR/Content/AnimStarterPack/Jog_Rt_Rifle.uasset" 452
"../../../../../../BeyondTheGate/DivinaCommediaVR/Content/AnimStarterPack/BS_Jog.uasset" 453
"../../../../../../BeyondTheGate/DivinaCommediaVR/Content/AnimStarterPack/UE4ASP_HeroTPP_AnimBlueprint.uasset" 454
"../../../Engine/Content/Functions/Engine_MaterialFunctions02/Utility/BlendAngleCorrectedNormals.uasset" 455
"../../../Engine/Content/Functions/MaterialLayerFunctions/MatLayerBlend_AO.uasset" 456
"../../../Engine/Content/Functions/MaterialLayerFunctions/MatLayerBlend_NormalBlend.uasset" 457
"../../../Engine/Content/Functions/MaterialLayerFunctions/MatLayerBlend_Simple.uasset" 458
"../../../../../../BeyondTheGate/DivinaCommediaVR/Content/AnimStarterPack/UE4_Mannequin/Materials/MaterialLayers/T_ML_Rubber_Blue_01_D.uasset" 459
"../../../../../../BeyondTheGate/DivinaCommediaVR/Content/AnimStarterPack/UE4_Mannequin/Materials/MaterialLayers/T_ML_Rubber_Blue_01_N.uasset" 460
"../../../../../../BeyondTheGate/DivinaCommediaVR/Content/AnimStarterPack/UE4_Mannequin/Materials/MaterialLayers/ML_GlossyBlack_Latex_UE4.uasset" 461
"../../../../../../BeyondTheGate/DivinaCommediaVR/Content/AnimStarterPack/UE4_Mannequin/Materials/MaterialLayers/ML_Plastic_Shiny_Beige.uasset" 462
"../../../../../../BeyondTheGate/DivinaCommediaVR/Content/AnimStarterPack/UE4_Mannequin/Textures/UE4_LOGO_CARD.uasset" 463
"../../../../../../BeyondTheGate/DivinaCommediaVR/Content/AnimStarterPack/UE4_Mannequin/Materials/MaterialLayers/ML_Plastic_Shiny_Beige_LOGO.uasset" 464
"../../../../../../BeyondTheGate/DivinaCommediaVR/Content/AnimStarterPack/UE4_Mannequin/Materials/MaterialLayers/T_ML_Aluminum01.uasset" 465
"../../../../../../BeyondTheGate/DivinaCommediaVR/Content/AnimStarterPack/UE4_Mannequin/Materials/MaterialLayers/T_ML_Aluminum01_N.uasset" 466
"../../../../../../BeyondTheGate/DivinaCommediaVR/Content/AnimStarterPack/UE4_Mannequin/Materials/MaterialLayers/ML_SoftMetal_UE4.uasset" 467
"../../../../../../BeyondTheGate/DivinaCommediaVR/Content/AnimStarterPack/UE4_Mannequin/Textures/UE4_Mannequin__normals.uasset" 468
"../../../../../../BeyondTheGate/DivinaCommediaVR/Content/AnimStarterPack/UE4_Mannequin/Textures/UE4_Mannequin_MAT_MASKA.uasset" 469
"../../../../../../BeyondTheGate/DivinaCommediaVR/Content/AnimStarterPack/UE4_Mannequin/Textures/UE4_Mannequin_occlusion_Mobile.uasset" 470
"../../../../../../BeyondTheGate/DivinaCommediaVR/Content/AnimStarterPack/UE4_Mannequin/Materials/M_UE4Man_Body.uasset" 471
"../../../../../../BeyondTheGate/DivinaCommediaVR/Content/AnimStarterPack/UE4_Mannequin/Textures/UE4Man_Logo_N.uasset" 472
"../../../../../../BeyondTheGate/DivinaCommediaVR/Content/AnimStarterPack/UE4_Mannequin/Materials/M_UE4Man_ChestLogo.uasset" 473
"../../../../../../BeyondTheGate/DivinaCommediaVR/Content/AnimStarterPack/UE4_Mannequin/Mesh/SK_Mannequin_PhysicsAsset.uasset" 474
"../../../../../../BeyondTheGate/DivinaCommediaVR/Content/AnimStarterPack/UE4_Mannequin/Mesh/SK_Mannequin.uasset" 475
"../../../../../../BeyondTheGate/DivinaCommediaVR/Content/AnimStarterPack/Ue4ASP_Character.uasset" 476
"../../../../../../BeyondTheGate/DivinaCommediaVR/Content/Blueprint/VRCharacter/ABP_Character.uasset" 477
"../../../../../../BeyondTheGate/DivinaCommediaVR/Content/Blueprint/VRCharacter/BaseChar.uasset" 478
"../../../../../../BeyondTheGate/DivinaCommediaVR/Content/Blueprint/VRCharacter/BP_BaseCharacter.uasset" 479
"../../../../../../BeyondTheGate/DivinaCommediaVR/Content/Blueprint/Libraries/E_PrintLevel.uasset" 480
"../../../../../../BeyondTheGate/DivinaCommediaVR/Content/Blueprint/Libraries/BP_ObjectMacros.uasset" 481
"../../../../../../BeyondTheGate/DivinaCommediaVR/Content/Blueprint/HandGrabUsage.uasset" 482
"../../../../../../BeyondTheGate/DivinaCommediaVR/Content/Blueprint/Interfaces/I_Tool.uasset" 483
"../../../../../../BeyondTheGate/DivinaCommediaVR/Content/Blueprint/Interfaces/I_ToolUtilizer.uasset" 484
"../../../../../../BeyondTheGate/DivinaCommediaVR/Content/Blueprint/VRCharacter/BP_ThirdPersonCamera.uasset" 485
"../../../../../../BeyondTheGate/DivinaCommediaVR/Content/Blueprint/VRCharacter/CharacterInterface.uasset" 486
"../../../Engine/Content/BasicShapes/BasicShapeMaterial.uasset" 487
"../../../../../../BeyondTheGate/DivinaCommediaVR/Content/Blueprint/Interfaces/GrabbedActors.uasset" 488
"../../../Engine/Content/VREditor/Devices/Vive/T_VivePreController_EM.uasset" 489
"../../../Engine/Content/VREditor/Devices/Vive/VivePreController_MasksA.uasset" 490
"../../../Engine/Content/VREditor/Devices/Vive/VivePreController_MasksB.uasset" 491
"../../../Engine/Content/VREditor/Devices/Vive/VivePreControllerDiffuse.uasset" 492
"../../../Engine/Content/VREditor/Devices/Vive/VivePreControllerSpec.uasset" 493
"../../../Engine/Content/VREditor/Devices/Vive/VivePreControllerMaterial.uasset" 494
"../../../Engine/Content/VREditor/Devices/Vive/VivePreControllerMaterial_Inst.uasset" 495
"../../../Engine/Content/VREditor/Devices/Vive/VivePreControllerMesh.uasset" 496
"../../../../../../BeyondTheGate/DivinaCommediaVR/Content/Materials/Xplora_Character/T_SM_Xplora_Character_Full_D.uasset" 497
"../../../../../../BeyondTheGate/DivinaCommediaVR/Content/Materials/Xplora_Character/T_SM_Xplora_Character_Full_L.uasset" 498
"../../../../../../BeyondTheGate/DivinaCommediaVR/Content/Materials/Xplora_Character/T_SM_Xplora_Character_Full_N.uasset" 499
"../../../../../../BeyondTheGate/DivinaCommediaVR/Content/Materials/Xplora_Character/M_Xplora_Character.uasset" 500
"../../../../../../BeyondTheGate/DivinaCommediaVR/Content/Meshes/Character/SK_Xplora_Character_PhysicsAsset.uasset" 501
"../../../../../../BeyondTheGate/DivinaCommediaVR/Content/Meshes/Character/SK_Xplora_Character.uasset" 502
"../../../../../../BeyondTheGate/DivinaCommediaVR/Content/Meshes/Character/SK_Xplora_Right_Hand_PhysicsAsset.uasset" 503
"../../../../../../BeyondTheGate/DivinaCommediaVR/Content/Meshes/Character/SK_Xplora_Right_Hand.uasset" 504
"../../../../../../BeyondTheGate/DivinaCommediaVR/Content/Blueprint/VRCharacter/BP_FPSCharacter.uasset" 505
"../../../../../../BeyondTheGate/DivinaCommediaVR/Content/Blueprint/Game/BP_DV_BaseGamemode.uasset" 506
"../../../../../../BeyondTheGate/DivinaCommediaVR/Content/Blueprint/Game/BP_DV_Gamemode_Main.uasset" 507
"../../../../../../BeyondTheGate/DivinaCommediaVR/Content/MaterialsandTextures/LayerInfos/Cobblestone_LayerInfo.uasset" 508
"../../../../../../BeyondTheGate/DivinaCommediaVR/Content/MaterialsandTextures/LayerInfos/Dirt_Road_LayerInfo.uasset" 509
"../../../../../../BeyondTheGate/DivinaCommediaVR/Content/MaterialsandTextures/LayerInfos/Gravel_LayerInfo.uasset" 510
"../../../../../../BeyondTheGate/DivinaCommediaVR/Content/Maps/Main_Map_BuiltData.uasset" 511
"../../../../../../BeyondTheGate/DivinaCommediaVR/Content/MaterialsandTextures/Landscape/Cobblestone_C_D.uasset" 512
"../../../../../../BeyondTheGate/DivinaCommediaVR/Content/MaterialsandTextures/Landscape/Cobblestone_C_N.uasset" 513
"../../../../../../BeyondTheGate/DivinaCommediaVR/Content/MaterialsandTextures/Landscape/Cobblestone_C_R.uasset" 514
"../../../../../../BeyondTheGate/DivinaCommediaVR/Content/MaterialsandTextures/Landscape/Grass_C_Diffuse.uasset" 515
"../../../../../../BeyondTheGate/DivinaCommediaVR/Content/MaterialsandTextures/Landscape/Grass_C_Normal.uasset" 516
"../../../../../../BeyondTheGate/DivinaCommediaVR/Content/MaterialsandTextures/Landscape/Grass_C_Roughness.uasset" 517
"../../../../../../BeyondTheGate/DivinaCommediaVR/Content/MaterialsandTextures/Landscape/Grass_Road_Diffuse.uasset" 518
"../../../../../../BeyondTheGate/DivinaCommediaVR/Content/MaterialsandTextures/Landscape/Grass_Road_Normal.uasset" 519
"../../../../../../BeyondTheGate/DivinaCommediaVR/Content/MaterialsandTextures/Landscape/Grass_Road_Roughness.uasset" 520
"../../../../../../BeyondTheGate/DivinaCommediaVR/Content/MaterialsandTextures/Landscape/Gravel_Diffuse.uasset" 521
"../../../../../../BeyondTheGate/DivinaCommediaVR/Content/MaterialsandTextures/Landscape/Gravel_Normal.uasset" 522
"../../../../../../BeyondTheGate/DivinaCommediaVR/Content/MaterialsandTextures/Landscape/Gravel_Roughness.uasset" 523
"../../../../../../BeyondTheGate/DivinaCommediaVR/Content/MaterialsandTextures/Landscape/Pebbles_C_Diffuse.uasset" 524
"../../../../../../BeyondTheGate/DivinaCommediaVR/Content/MaterialsandTextures/Landscape/Pebbles_C_Normal.uasset" 525
"../../../../../../BeyondTheGate/DivinaCommediaVR/Content/MaterialsandTextures/Landscape/Pebbles_C_Roughness.uasset" 526
"../../../../../../BeyondTheGate/DivinaCommediaVR/Content/Packs/KiteDemo/Environments/GroundTiles/GravelTile_01/T_gravelTile_01_N.uasset" 527
"../../../../../../BeyondTheGate/DivinaCommediaVR/Content/Packs/KiteDemo/Environments/GroundTiles/GravelTile_01/T_gravelTile_01_D_R.uasset" 528
"../../../../../../BeyondTheGate/DivinaCommediaVR/Content/Packs/KiteDemo/Environments/GroundTiles/GravelTile_01/T_gravelTile_01_R.uasset" 529
"../../../../../../BeyondTheGate/DivinaCommediaVR/Content/MaterialsandTextures/Landscape/M_Landscape.uasset" 530
"../../../../../../BeyondTheGate/DivinaCommediaVR/Content/MaterialsandTextures/Landscape/M_Landscape_Inst.uasset" 531
"../../../../../../BeyondTheGate/DivinaCommediaVR/Content/Mesh/Characters/M_UE4Man_Body.uasset" 532
"../../../../../../BeyondTheGate/DivinaCommediaVR/Content/Mesh/Characters/M_UE4Man_ChestLogo.uasset" 533
"../../../../../../BeyondTheGate/DivinaCommediaVR/Content/Mesh/Characters/SK_Mannequin_PhysicsAsset.uasset" 534
"../../../../../../BeyondTheGate/DivinaCommediaVR/Content/Mesh/Characters/SK_Mannequin_Skeleton.uasset" 535
"../../../../../../BeyondTheGate/DivinaCommediaVR/Content/Mesh/Characters/SK_Mannequin.uasset" 536
"../../../../../../BeyondTheGate/DivinaCommediaVR/Content/Mesh/Foliage/Dead_Trees/Dead_Tree_A.uasset" 537
"../../../../../../BeyondTheGate/DivinaCommediaVR/Content/Mesh/Foliage/Dead_Trees/Dead_Tree_B.uasset" 538
"../../../../../../BeyondTheGate/DivinaCommediaVR/Content/Mesh/Foliage/Dead_Trees/Dead_Tree_C.uasset" 539
"../../../../../../BeyondTheGate/DivinaCommediaVR/Content/Mesh/Foliage/Dead_Trees/Dead_Tree_D.uasset" 540
"../../../../../../BeyondTheGate/DivinaCommediaVR/Content/Mesh/Foliage/Dead_Trees/Dead_Tree_E.uasset" 541
"../../../../../../BeyondTheGate/DivinaCommediaVR/Content/Mesh/Foliage/Dead_Trees/Dead_Tree_F.uasset" 542
"../../../../../../BeyondTheGate/DivinaCommediaVR/Content/Mesh/Foliage/Dead_Trees/Dead_Tree_G.uasset" 543
"../../../../../../BeyondTheGate/DivinaCommediaVR/Content/Mesh/Foliage/Dead_Trees/Fallen_Trunk_A.uasset" 544
"../../../../../../BeyondTheGate/DivinaCommediaVR/Content/Mesh/Foliage/Dead_Trees/Fallen_Trunk_B.uasset" 545
"../../../../../../BeyondTheGate/DivinaCommediaVR/Content/Mesh/Foliage/Dead_Trees/Fallen_Trunk_C.uasset" 546
"../../../../../../BeyondTheGate/DivinaCommediaVR/Content/Mesh/Foliage/Dead_Trees/Tree_Stump_A.uasset" 547
"../../../../../../BeyondTheGate/DivinaCommediaVR/Content/Mesh/Foliage/Dead_Trees/Tree_Stump_B.uasset" 548
"../../../../../../BeyondTheGate/DivinaCommediaVR/Content/Mesh/Foliage/Roots/Roots_A.uasset" 549
"../../../../../../BeyondTheGate/DivinaCommediaVR/Content/Mesh/Foliage/Roots/Roots_B.uasset" 550
"../../../../../../BeyondTheGate/DivinaCommediaVR/Content/Mesh/Foliage/Roots/Roots_C.uasset" 551
"../../../../../../BeyondTheGate/DivinaCommediaVR/Content/Mesh/Foliage/Roots/Roots_D.uasset" 552
"../../../../../../BeyondTheGate/DivinaCommediaVR/Content/Mesh/Foliage/Roots/Roots_E.uasset" 553
"../../../../../../BeyondTheGate/DivinaCommediaVR/Content/Mesh/Foliage/Roots/Roots_F.uasset" 554
"../../../../../../BeyondTheGate/DivinaCommediaVR/Content/Packs/AnimalsWolf/Materials/Shaders/Textures/Normal.uasset" 555
"../../../../../../BeyondTheGate/DivinaCommediaVR/Content/Packs/AnimalsWolf/Materials/Shaders/Textures/White.uasset" 556
"../../../../../../BeyondTheGate/DivinaCommediaVR/Content/Packs/AnimalsWolf/Materials/Shaders/Realistic-SH.uasset" 557
"../../../../../../BeyondTheGate/DivinaCommediaVR/Content/Packs/AnimalsWolf/Textures/Wolf-D.uasset" 558
"../../../../../../BeyondTheGate/DivinaCommediaVR/Content/Packs/AnimalsWolf/Textures/Wolf-N.uasset" 559
"../../../../../../BeyondTheGate/DivinaCommediaVR/Content/Packs/AnimalsWolf/Textures/Wolf-R.uasset" 560
"../../../../../../BeyondTheGate/DivinaCommediaVR/Content/Packs/AnimalsWolf/Materials/MAT-Wolf.uasset" 561
"../../../../../../BeyondTheGate/DivinaCommediaVR/Content/Packs/AnimalsWolf/Meshes/SK-Wolf_PhysicsAsset.uasset" 562
"../../../../../../BeyondTheGate/DivinaCommediaVR/Content/Packs/AnimalsWolf/Meshes/SK-Wolf.uasset" 563
"../../../../../../BeyondTheGate/DivinaCommediaVR/Content/Packs/KiteDemo/Environments/Trees/HillTree_02/T_Craghead_Oak_LimbTile_02_D_Tex.uasset" 564
"../../../../../../BeyondTheGate/DivinaCommediaVR/Content/Packs/KiteDemo/Environments/Trees/HillTree_02/T_Craghead_Oak_LimbTile_02_N_Tex.uasset" 565
"../../../../../../BeyondTheGate/DivinaCommediaVR/Content/Packs/KiteDemo/Environments/Trees/HillTree_02/HillTree_01_Branches_2_Mat.uasset" 566
"../../../../../../BeyondTheGate/DivinaCommediaVR/Content/Packs/KiteDemo/Environments/Trees/HillTree_02/T_Craghead_Oak_Tile_01_D_Tex.uasset" 567
"../../../../../../BeyondTheGate/DivinaCommediaVR/Content/Packs/KiteDemo/Environments/Trees/HillTree_02/T_Craghead_Oak_Tile_01_N_Tex.uasset" 568
"../../../../../../BeyondTheGate/DivinaCommediaVR/Content/Packs/KiteDemo/Environments/Trees/HillTree_02/T_Craghead_Oak_TileMoss_01_D_Tex.uasset" 569
"../../../../../../BeyondTheGate/DivinaCommediaVR/Content/Packs/KiteDemo/Environments/Trees/HillTree_02/HillTree_01_Branches_Mat.uasset" 570
"../../../../../../BeyondTheGate/DivinaCommediaVR/Content/Packs/KiteDemo/Environments/Trees/HillTree_02/HillTree_01_Fronds_Mat.uasset" 571
"../../../Engine/Content/Functions/Engine_MaterialFunctions01/SpeedTree/SpeedTreeColorVariation.uasset" 572
"../../../../../../BeyondTheGate/DivinaCommediaVR/Content/Packs/KiteDemo/Environments/Trees/HillTree_02/HillTree_01_Atlas_Normal_Tex.uasset" 573
"../../../../../../BeyondTheGate/DivinaCommediaVR/Content/Packs/KiteDemo/Environments/Trees/HillTree_02/HillTree_01_Atlas_Specular_Tex.uasset" 574
"../../../../../../BeyondTheGate/DivinaCommediaVR/Content/Packs/KiteDemo/Environments/Trees/HillTree_02/HillTree_01_Atlas_Tex.uasset" 575
"../../../../../../BeyondTheGate/DivinaCommediaVR/Content/Packs/KiteDemo/Environments/Trees/HillTree_02/HillTree_01_Leaves_Mat.uasset" 576
"../../../Engine/Content/Functions/Engine_MaterialFunctions02/Utility/VectorToRadialValue.uasset" 577
"../../../Engine/Content/ArtTools/RenderToTexture/MaterialFunctions/FoliageZRotation.uasset" 578
"../../../Engine/Content/Functions/Engine_MaterialFunctions02/SafeNormalize.uasset" 579
"../../../Engine/Content/Functions/Engine_MaterialFunctions02/Math/CreateThirdOrthogonalVector.uasset" 580
"../../../Engine/Content/Functions/Engine_MaterialFunctions02/Math/Pi.uasset" 581
"../../../Engine/Content/Functions/Engine_MaterialFunctions02/Math/Transform3x3Matrix.uasset" 582
"../../../Engine/Content/ArtTools/RenderToTexture/MaterialFunctions/ImposterUVs.uasset" 583
"../../../Engine/Content/Functions/Engine_MaterialFunctions02/ExampleContent/Textures/SphereRenderMask.uasset" 584
"../../../../../../BeyondTheGate/DivinaCommediaVR/Content/Packs/KiteDemo/Environments/Trees/HillTree_02/T_HillTreeBillboard_01.uasset" 585
"../../../../../../BeyondTheGate/DivinaCommediaVR/Content/Packs/KiteDemo/Environments/Trees/HillTree_02/T_HillTreeBillboard_01_Depth.uasset" 586
"../../../../../../BeyondTheGate/DivinaCommediaVR/Content/Packs/KiteDemo/Environments/Trees/HillTree_02/T_HillTreeBillboard_01_N.uasset" 587
"../../../../../../BeyondTheGate/DivinaCommediaVR/Content/Packs/KiteDemo/Environments/Trees/HillTree_02/T_HillTreeBillboard_01_S_R.uasset" 588
"../../../../../../BeyondTheGate/DivinaCommediaVR/Content/Packs/KiteDemo/Environments/Trees/HillTree_02/T_HillTreeBillboard_01_SSS.uasset" 589
"../../../../../../BeyondTheGate/DivinaCommediaVR/Content/Packs/KiteDemo/Environments/Trees/HillTree_02/M_CustomDepthBillboard.uasset" 590
"../../../../../../BeyondTheGate/DivinaCommediaVR/Content/Packs/KiteDemo/Environments/Trees/HillTree_02/M_CustomDepthBillboard_Inst.uasset" 591
"../../../../../../BeyondTheGate/DivinaCommediaVR/Content/Packs/KiteDemo/Environments/Trees/HillTree_02/HillTree_02.uasset" 592
"../../../../../../BeyondTheGate/DivinaCommediaVR/Content/Packs/KiteDemo/Environments/Trees/HillTree_02/HillTree_01_Leaves_Mat2.uasset" 593
"../../../../../../BeyondTheGate/DivinaCommediaVR/Content/Packs/KiteDemo/Environments/Trees/HillTree_Tall_02/HillTree_Tall_01_Atlas_Billboards_Normal_Tex.uasset" 594
"../../../../../../BeyondTheGate/DivinaCommediaVR/Content/Packs/KiteDemo/Environments/Trees/HillTree_Tall_02/HillTree_Tall_01_Atlas_Billboards_Tex.uasset" 595
"../../../../../../BeyondTheGate/DivinaCommediaVR/Content/Packs/KiteDemo/Environments/Trees/HillTree_Tall_02/HillTree_Tall_01_Billboard_Mat.uasset" 596
"../../../../../../BeyondTheGate/DivinaCommediaVR/Content/Packs/KiteDemo/Environments/Trees/HillTree_Tall_02/HillTree_Tall_02.uasset" 597
"../../../../../../BeyondTheGate/DivinaCommediaVR/Content/Packs/KiteDemo/Environments/Trees/ScotsPine_01/ScotsPine_01.uasset" 598
"../../../../../../BeyondTheGate/DivinaCommediaVR/Content/Maps/Main_Map.umap" 599
